New log file opened at Tue Mar 29 18:42:44 UTC 2016 by 20184@jaroop-eluria
Sending msg to client activator-cf6f2d09-066d-45f4-bab5-7a5abddfe287: DetachedLogEvent(LogMessage(debug,sbt client logs are in: /home/eluria/code/play-upgrade/.sbtserver/connections/activator-cf6f2d09-066d-45f4-bab5-7a5abddfe287.log))
Sending msg to client activator-cf6f2d09-066d-45f4-bab5-7a5abddfe287: DetachedLogEvent(LogMessage(debug,sbt server socket logs are in: /home/eluria/code/play-upgrade/.sbtserver/connections/master.log))
Sending msg to client activator-cf6f2d09-066d-45f4-bab5-7a5abddfe287: DetachedLogEvent(LogMessage(debug,sbt general server logs are in: /home/eluria/code/play-upgrade/.sbtserver/master.log))
Reading next message from client.
Got request: ListenToEvents()
Reading next message from client.
Got request: ListenToBuildChange()
Reading next message from client.
Sending msg to client activator-cf6f2d09-066d-45f4-bab5-7a5abddfe287: DetachedLogEvent(LogMessage(debug,> --initialize))
Got request: SendSyntheticBuildChanged()
Reading next message from client.
Got request: KeyLookupRequest(discoveredMainClasses)
Reading next message from client.
Got request: KeyLookupRequest(mainClass)
Reading next message from client.
Sending msg to client activator-cf6f2d09-066d-45f4-bab5-7a5abddfe287: (3,ReceivedResponse())
Sending msg to client activator-cf6f2d09-066d-45f4-bab5-7a5abddfe287: DetachedLogEvent(LogMessage(debug,> initialize))
Sending msg to client activator-cf6f2d09-066d-45f4-bab5-7a5abddfe287: DetachedLogEvent(LogMessage(debug,> onFailure load-failed))
Sending msg to client activator-cf6f2d09-066d-45f4-bab5-7a5abddfe287: DetachedLogEvent(LogMessage(debug,> boot))
Sending msg to client activator-cf6f2d09-066d-45f4-bab5-7a5abddfe287: DetachedLogEvent(LogMessage(debug,> reload))
Sending msg to client activator-cf6f2d09-066d-45f4-bab5-7a5abddfe287: DetachedLogEvent(LogMessage(debug,[Loading] Scanning directory /home/eluria/code/play-upgrade/project))
Sending msg to client activator-cf6f2d09-066d-45f4-bab5-7a5abddfe287: DetachedLogEvent(LogMessage(debug,[Loading] Found non-root projects ))
Sending msg to client activator-cf6f2d09-066d-45f4-bab5-7a5abddfe287: DetachedLogEvent(LogMessage(debug,[Loading] Done in /home/eluria/code/play-upgrade/project, returning: ()))
Sending msg to client activator-cf6f2d09-066d-45f4-bab5-7a5abddfe287: DetachedLogEvent(LogMessage(debug,deducing auto plugins based on known facts Set(Atom(sbt.plugins.CorePlugin)) and clauses Clauses(List(Clause(Atom(sbt.plugins.JvmPlugin),Set(Atom(sbt.plugins.IvyPlugin))), Clause(Atom(sbt.plugins.JUnitXmlReportPlugin),Set(Atom(sbt.plugins.JvmPlugin))), Clause(Atom(sbt.plugins.CorePlugin),Set(Atom(sbt.plugins.IvyPlugin))), Clause(Atom(sbt.plugins.IvyPlugin),Set(Atom(sbt.plugins.JvmPlugin))), Clause(Atom(sbt.plugins.JvmPlugin),Set(Atom(sbt.plugins.JUnitXmlReportPlugin)))))))
Sending msg to client activator-cf6f2d09-066d-45f4-bab5-7a5abddfe287: DetachedLogEvent(LogMessage(debug,  :: deduced result: Matched(sbt.plugins.CorePlugin,sbt.plugins.IvyPlugin,sbt.plugins.JvmPlugin,sbt.plugins.JUnitXmlReportPlugin)))
Sending msg to client activator-cf6f2d09-066d-45f4-bab5-7a5abddfe287: DetachedLogEvent(LogMessage(debug,sorting: ns: List(sbt.plugins.CorePlugin, sbt.plugins.IvyPlugin, sbt.plugins.JvmPlugin, sbt.plugins.JUnitXmlReportPlugin)))
Sending msg to client activator-cf6f2d09-066d-45f4-bab5-7a5abddfe287: DetachedLogEvent(LogMessage(debug,  :: sorting:: found: List(sbt.plugins.CorePlugin) not found List(sbt.plugins.IvyPlugin, sbt.plugins.JvmPlugin, sbt.plugins.JUnitXmlReportPlugin)))
Sending msg to client activator-cf6f2d09-066d-45f4-bab5-7a5abddfe287: DetachedLogEvent(LogMessage(debug,  :: sorting:: found: List(sbt.plugins.CorePlugin, sbt.plugins.IvyPlugin) not found List(sbt.plugins.JvmPlugin, sbt.plugins.JUnitXmlReportPlugin)))
Sending msg to client activator-cf6f2d09-066d-45f4-bab5-7a5abddfe287: DetachedLogEvent(LogMessage(debug,  :: sorting:: found: List(sbt.plugins.CorePlugin, sbt.plugins.IvyPlugin, sbt.plugins.JvmPlugin) not found List(sbt.plugins.JUnitXmlReportPlugin)))
Sending msg to client activator-cf6f2d09-066d-45f4-bab5-7a5abddfe287: DetachedLogEvent(LogMessage(debug,  :: sorting:: found: List(sbt.plugins.CorePlugin, sbt.plugins.IvyPlugin, sbt.plugins.JvmPlugin, sbt.plugins.JUnitXmlReportPlugin) not found List()))
Sending msg to client activator-cf6f2d09-066d-45f4-bab5-7a5abddfe287: DetachedLogEvent(LogMessage(debug,  :: sorted deduced result: List(sbt.plugins.CorePlugin, sbt.plugins.IvyPlugin, sbt.plugins.JvmPlugin, sbt.plugins.JUnitXmlReportPlugin)))
Sending msg to client activator-cf6f2d09-066d-45f4-bab5-7a5abddfe287: DetachedLogEvent(LogMessage(debug,[Loading] Done in /home/eluria/code/play-upgrade/project, returning: (play-upgrade-build)))
Sending msg to client activator-cf6f2d09-066d-45f4-bab5-7a5abddfe287: DetachedLogEvent(LogMessage(info,Loading project definition from /home/eluria/code/play-upgrade/project))
Sending msg to client activator-cf6f2d09-066d-45f4-bab5-7a5abddfe287: DetachedLogEvent(LogMessage(debug,Running task... Cancel: sbt.TaskCancellationStrategy$Null$@765c06e3, check cycles: false))
Sending msg to client activator-cf6f2d09-066d-45f4-bab5-7a5abddfe287: DetachedLogEvent(LogStdOut([info] Updating {file:/home/eluria/code/play-upgrade/project/}play-upgrade-build...))
Sending msg to client activator-cf6f2d09-066d-45f4-bab5-7a5abddfe287: DetachedLogEvent(LogMessage(info,Updating {file:/home/eluria/code/play-upgrade/project/}play-upgrade-build...))
Sending msg to client activator-cf6f2d09-066d-45f4-bab5-7a5abddfe287: DetachedLogEvent(LogMessage(debug,Other repositories:))
Sending msg to client activator-cf6f2d09-066d-45f4-bab5-7a5abddfe287: DetachedLogEvent(LogMessage(debug,Default repositories:))
Sending msg to client activator-cf6f2d09-066d-45f4-bab5-7a5abddfe287: DetachedLogEvent(LogMessage(debug,Using inline dependencies specified in Scala.))
Sending msg to client activator-cf6f2d09-066d-45f4-bab5-7a5abddfe287: DetachedLogEvent(LogMessage(debug,:: resolving dependencies :: default#play-upgrade-build;0.1-SNAPSHOT))
Sending msg to client activator-cf6f2d09-066d-45f4-bab5-7a5abddfe287: DetachedLogEvent(LogMessage(debug,	confs: [compile, runtime, test, provided, optional, compile-internal, runtime-internal, test-internal, plugin, sources, docs, pom, scala-tool]))
Sending msg to client activator-cf6f2d09-066d-45f4-bab5-7a5abddfe287: DetachedLogEvent(LogMessage(debug,	validate = true))
Sending msg to client activator-cf6f2d09-066d-45f4-bab5-7a5abddfe287: DetachedLogEvent(LogMessage(debug,	refresh = false))
Sending msg to client activator-cf6f2d09-066d-45f4-bab5-7a5abddfe287: DetachedLogEvent(LogMessage(debug,resolving dependencies for configuration 'compile'))
Sending msg to client activator-cf6f2d09-066d-45f4-bab5-7a5abddfe287: DetachedLogEvent(LogMessage(debug,== resolving dependencies for default#play-upgrade-build;0.1-SNAPSHOT [compile]))
Sending msg to client activator-cf6f2d09-066d-45f4-bab5-7a5abddfe287: DetachedLogEvent(LogMessage(debug,== resolving dependencies default#play-upgrade-build;0.1-SNAPSHOT->org.scala-sbt#sbt-core-next;0.1.1 [compile->default(compile)]))
Sending msg to client activator-cf6f2d09-066d-45f4-bab5-7a5abddfe287: DetachedLogEvent(LogStdOut([info] Resolving org.scala-sbt#sbt-core-next;0.1.1 ...))
Sending msg to client activator-cf6f2d09-066d-45f4-bab5-7a5abddfe287: DetachedLogEvent(LogMessage(info,Resolving org.scala-sbt#sbt-core-next;0.1.1 ...))
Sending msg to client activator-cf6f2d09-066d-45f4-bab5-7a5abddfe287: DetachedLogEvent(LogMessage(debug,sbt-chain: Checking cache for: dependency: org.scala-sbt#sbt-core-next;0.1.1 {compile=[default(compile)]}))
Sending msg to client activator-cf6f2d09-066d-45f4-bab5-7a5abddfe287: DetachedLogEvent(LogStdOut([A[2K[info] Resolving org.scala-sbt#sbt-core-next;0.1.1 ...))
Sending msg to client activator-cf6f2d09-066d-45f4-bab5-7a5abddfe287: DetachedLogEvent(LogMessage(info,Resolving org.scala-sbt#sbt-core-next;0.1.1 ...))
Sending msg to client activator-cf6f2d09-066d-45f4-bab5-7a5abddfe287: DetachedLogEvent(LogMessage(debug,sbt-chain-delegate: Checking cache for: dependency: org.scala-sbt#sbt-core-next;0.1.1 {compile=[default(compile)]}))
Sending msg to client activator-cf6f2d09-066d-45f4-bab5-7a5abddfe287: DetachedLogEvent(LogMessage(debug,		tried https://repo.typesafe.com/typesafe/ivy-releases/org.scala-sbt/sbt-core-next/scala_2.10/sbt_0.13/0.1.1/ivys/ivy.xml))
Sending msg to client activator-cf6f2d09-066d-45f4-bab5-7a5abddfe287: DetachedLogEvent(LogMessage(debug,	typesafe-ivy-releases: found md file for org.scala-sbt#sbt-core-next;0.1.1))
Sending msg to client activator-cf6f2d09-066d-45f4-bab5-7a5abddfe287: DetachedLogEvent(LogMessage(debug,		=> https://repo.typesafe.com/typesafe/ivy-releases/org.scala-sbt/sbt-core-next/scala_2.10/sbt_0.13/0.1.1/ivys/ivy.xml (0.1.1)))
Sending msg to client activator-cf6f2d09-066d-45f4-bab5-7a5abddfe287: DetachedLogEvent(LogMessage(debug,downloading https://repo.typesafe.com/typesafe/ivy-releases/org.scala-sbt/sbt-core-next/scala_2.10/sbt_0.13/0.1.1/ivys/ivy.xml ...))
Sending msg to client activator-cf6f2d09-066d-45f4-bab5-7a5abddfe287: DetachedLogEvent(LogMessage(debug,	typesafe-ivy-releases: downloading https://repo.typesafe.com/typesafe/ivy-releases/org.scala-sbt/sbt-core-next/scala_2.10/sbt_0.13/0.1.1/ivys/ivy.xml))
Sending msg to client activator-cf6f2d09-066d-45f4-bab5-7a5abddfe287: DetachedLogEvent(LogMessage(debug,	typesafe-ivy-releases: downloading https://repo.typesafe.com/typesafe/ivy-releases/org.scala-sbt/sbt-core-next/scala_2.10/sbt_0.13/0.1.1/ivys/ivy.xml.sha1))
Sending msg to client activator-cf6f2d09-066d-45f4-bab5-7a5abddfe287: DetachedLogEvent(LogMessage(debug,sha1 OK for https://repo.typesafe.com/typesafe/ivy-releases/org.scala-sbt/sbt-core-next/scala_2.10/sbt_0.13/0.1.1/ivys/ivy.xml))
Sending msg to client activator-cf6f2d09-066d-45f4-bab5-7a5abddfe287: DetachedLogEvent(LogMessage(debug,	[SUCCESSFUL ] org.scala-sbt#sbt-core-next;0.1.1!ivy.xml(ivy.original) (1043ms)))
Sending msg to client activator-cf6f2d09-066d-45f4-bab5-7a5abddfe287: DetachedLogEvent(LogMessage(debug,	found org.scala-sbt#sbt-core-next;0.1.1 in typesafe-ivy-releases))
Sending msg to client activator-cf6f2d09-066d-45f4-bab5-7a5abddfe287: DetachedLogEvent(LogMessage(debug,== resolving dependencies org.scala-sbt#sbt-core-next;0.1.1->org.scala-sbt#core-next_2.10;0.1.1 [compile->default(compile)]))
Sending msg to client activator-cf6f2d09-066d-45f4-bab5-7a5abddfe287: DetachedLogEvent(LogStdOut([A[2K[info] Resolving org.scala-sbt#core-next_2.10;0.1.1 ...))
Sending msg to client activator-cf6f2d09-066d-45f4-bab5-7a5abddfe287: DetachedLogEvent(LogMessage(info,Resolving org.scala-sbt#core-next_2.10;0.1.1 ...))
Sending msg to client activator-cf6f2d09-066d-45f4-bab5-7a5abddfe287: DetachedLogEvent(LogMessage(debug,sbt-chain: Checking cache for: dependency: org.scala-sbt#core-next_2.10;0.1.1 {compile=[default(compile)]}))
Sending msg to client activator-cf6f2d09-066d-45f4-bab5-7a5abddfe287: DetachedLogEvent(LogMessage(debug,sbt-chain: module revision found in cache: org.scala-sbt#core-next_2.10;0.1.1))
Sending msg to client activator-cf6f2d09-066d-45f4-bab5-7a5abddfe287: DetachedLogEvent(LogMessage(debug,	found org.scala-sbt#core-next_2.10;0.1.1 in sbt-chain))
Sending msg to client activator-cf6f2d09-066d-45f4-bab5-7a5abddfe287: DetachedLogEvent(LogMessage(debug,== resolving dependencies org.scala-sbt#core-next_2.10;0.1.1->org.scala-lang#scala-library;2.10.4 [compile->default(compile)]))
Sending msg to client activator-cf6f2d09-066d-45f4-bab5-7a5abddfe287: DetachedLogEvent(LogStdOut([A[2K[info] Resolving org.scala-lang#scala-library;2.10.4 ...))
Sending msg to client activator-cf6f2d09-066d-45f4-bab5-7a5abddfe287: DetachedLogEvent(LogMessage(info,Resolving org.scala-lang#scala-library;2.10.4 ...))
Sending msg to client activator-cf6f2d09-066d-45f4-bab5-7a5abddfe287: DetachedLogEvent(LogMessage(debug,sbt-chain: Checking cache for: dependency: org.scala-lang#scala-library;2.10.4 {compile=[default(compile)]}))
Sending msg to client activator-cf6f2d09-066d-45f4-bab5-7a5abddfe287: DetachedLogEvent(LogMessage(debug,sbt-chain: module revision found in cache: org.scala-lang#scala-library;2.10.4))
Sending msg to client activator-cf6f2d09-066d-45f4-bab5-7a5abddfe287: DetachedLogEvent(LogMessage(debug,	found org.scala-lang#scala-library;2.10.4 in sbt-chain))
Sending msg to client activator-cf6f2d09-066d-45f4-bab5-7a5abddfe287: DetachedLogEvent(LogMessage(debug,	[2.10.4] org.scala-lang#scala-library;2.10.4))
Sending msg to client activator-cf6f2d09-066d-45f4-bab5-7a5abddfe287: DetachedLogEvent(LogMessage(debug,== resolving dependencies org.scala-sbt#core-next_2.10;0.1.1->org.scala-lang#scala-library;2.10.4 [compile->runtime]))
Sending msg to client activator-cf6f2d09-066d-45f4-bab5-7a5abddfe287: DetachedLogEvent(LogMessage(debug,== resolving dependencies org.scala-sbt#core-next_2.10;0.1.1->org.scala-lang#scala-library;2.10.4 [compile->compile]))
Sending msg to client activator-cf6f2d09-066d-45f4-bab5-7a5abddfe287: DetachedLogEvent(LogMessage(debug,== resolving dependencies org.scala-sbt#core-next_2.10;0.1.1->org.scala-lang#scala-library;2.10.4 [compile->master]))
Sending msg to client activator-cf6f2d09-066d-45f4-bab5-7a5abddfe287: DetachedLogEvent(LogMessage(debug,== resolving dependencies org.scala-sbt#core-next_2.10;0.1.1->org.scala-sbt#serialization_2.10;0.1.0 [compile->default(compile)]))
Sending msg to client activator-cf6f2d09-066d-45f4-bab5-7a5abddfe287: DetachedLogEvent(LogStdOut([A[2K[info] Resolving org.scala-sbt#serialization_2.10;0.1.0 ...))
Sending msg to client activator-cf6f2d09-066d-45f4-bab5-7a5abddfe287: DetachedLogEvent(LogMessage(info,Resolving org.scala-sbt#serialization_2.10;0.1.0 ...))
Sending msg to client activator-cf6f2d09-066d-45f4-bab5-7a5abddfe287: DetachedLogEvent(LogMessage(debug,sbt-chain: Checking cache for: dependency: org.scala-sbt#serialization_2.10;0.1.0 {compile=[default(compile)]}))
Sending msg to client activator-cf6f2d09-066d-45f4-bab5-7a5abddfe287: DetachedLogEvent(LogStdOut([A[2K[info] Resolving org.scala-sbt#serialization_2.10;0.1.0 ...))
Sending msg to client activator-cf6f2d09-066d-45f4-bab5-7a5abddfe287: DetachedLogEvent(LogMessage(info,Resolving org.scala-sbt#serialization_2.10;0.1.0 ...))
Sending msg to client activator-cf6f2d09-066d-45f4-bab5-7a5abddfe287: DetachedLogEvent(LogMessage(debug,sbt-chain-delegate: Checking cache for: dependency: org.scala-sbt#serialization_2.10;0.1.0 {compile=[default(compile)]}))
Sending msg to client activator-cf6f2d09-066d-45f4-bab5-7a5abddfe287: DetachedLogEvent(LogMessage(debug,		tried https://repo.typesafe.com/typesafe/ivy-releases/org.scala-sbt/serialization_2.10/0.1.0/ivys/ivy.xml))
Sending msg to client activator-cf6f2d09-066d-45f4-bab5-7a5abddfe287: DetachedLogEvent(LogMessage(debug,	typesafe-ivy-releases: found md file for org.scala-sbt#serialization_2.10;0.1.0))
Sending msg to client activator-cf6f2d09-066d-45f4-bab5-7a5abddfe287: DetachedLogEvent(LogMessage(debug,		=> https://repo.typesafe.com/typesafe/ivy-releases/org.scala-sbt/serialization_2.10/0.1.0/ivys/ivy.xml (0.1.0)))
Sending msg to client activator-cf6f2d09-066d-45f4-bab5-7a5abddfe287: DetachedLogEvent(LogMessage(debug,downloading https://repo.typesafe.com/typesafe/ivy-releases/org.scala-sbt/serialization_2.10/0.1.0/ivys/ivy.xml ...))
Sending msg to client activator-cf6f2d09-066d-45f4-bab5-7a5abddfe287: DetachedLogEvent(LogMessage(debug,	typesafe-ivy-releases: downloading https://repo.typesafe.com/typesafe/ivy-releases/org.scala-sbt/serialization_2.10/0.1.0/ivys/ivy.xml))
Sending msg to client activator-cf6f2d09-066d-45f4-bab5-7a5abddfe287: DetachedLogEvent(LogMessage(debug,	typesafe-ivy-releases: downloading https://repo.typesafe.com/typesafe/ivy-releases/org.scala-sbt/serialization_2.10/0.1.0/ivys/ivy.xml.sha1))
